# JRE version: OpenJDK Runtime Environment Zulu17.66+19-CA (17.0.19+10) (build 17.0.19+10-LTS)
# Java VM: OpenJDK 64-Bit Server VM Zulu17.66+19-CA (17.0.19+10-LTS, mixed mode, sharing, tiered, compressed oops, compressed class ptrs, g1 gc, windows-amd64)
GC Precious Log:
 CPUs: 16 total, 16 available
 Memory: 32537M
 Large Page Support: Disabled
 NUMA Support: Disabled
 Compressed Oops: Enabled (32-bit)
 Heap Region Size: 1M
 Heap Min Capacity: 8M
 Heap Initial Capacity: 510M
 Heap Max Capacity: 2G
 Pre-touch: Disabled
 Parallel Workers: 13
 Concurrent Workers: 3
 Concurrent Refinement Workers: 13
 Periodic GC: Disabled
Heap:
 garbage-first heap   total 165888K, used 134614K [0x0000000080000000, 0x0000000100000000)
  region size 1024K, 26 young (26624K), 4 survivors (4096K)
 Metaspace       used 98954K, committed 99712K, reserved 1179648K
  class space    used 13614K, committed 13952K, reserved 1048576K
GC Heap History (20 events):
Event: 11.990 GC heap before
{Heap before GC invocations=28 (full 0):
 garbage-first heap   total 165888K, used 137133K [0x0000000080000000, 0x0000000100000000)
  region size 1024K, 51 young (52224K), 3 survivors (3072K)
 Metaspace       used 82936K, committed 83648K, reserved 1179648K
  class space    used 11559K, committed 11904K, reserved 1048576K
}
Event: 11.992 GC heap after
{Heap after GC invocations=29 (full 0):
 garbage-first heap   total 165888K, used 91386K [0x0000000080000000, 0x0000000100000000)
  region size 1024K, 6 young (6144K), 6 survivors (6144K)
 Metaspace       used 82936K, committed 83648K, reserved 1179648K
  class space    used 11559K, committed 11904K, reserved 1048576K
}
Event: 12.008 GC heap before
{Heap before GC invocations=29 (full 0):
 garbage-first heap   total 165888K, used 93434K [0x0000000080000000, 0x0000000100000000)
  region size 1024K, 8 young (8192K), 6 survivors (6144K)
 Metaspace       used 83036K, committed 83712K, reserved 1179648K
  class space    used 11569K, committed 11904K, reserved 1048576K
}
Event: 12.010 GC heap after
{Heap after GC invocations=30 (full 0):
 garbage-first heap   total 165888K, used 91631K [0x0000000080000000, 0x0000000100000000)
  region size 1024K, 1 young (1024K), 1 survivors (1024K)
 Metaspace       used 83036K, committed 83712K, reserved 1179648K
  class space    used 11569K, committed 11904K, reserved 1048576K
}
Event: 12.477 GC heap before
{Heap before GC invocations=30 (full 0):
 garbage-first heap   total 165888K, used 137711K [0x0000000080000000, 0x0000000100000000)
  region size 1024K, 46 young (47104K), 1 survivors (1024K)
 Metaspace       used 87544K, committed 88192K, reserved 1179648K
  class space    used 12211K, committed 12544K, reserved 1048576K
}
Event: 12.479 GC heap after
{Heap after GC invocations=31 (full 0):
 garbage-first heap   total 165888K, used 93143K [0x0000000080000000, 0x0000000100000000)
  region size 1024K, 3 young (3072K), 3 survivors (3072K)
 Metaspace       used 87544K, committed 88192K, reserved 1179648K
  class space    used 12211K, committed 12544K, reserved 1048576K
}
Event: 12.924 GC heap before
{Heap before GC invocations=32 (full 0):
 garbage-first heap   total 165888K, used 138199K [0x0000000080000000, 0x0000000100000000)
  region size 1024K, 47 young (48128K), 3 survivors (3072K)
 Metaspace       used 90126K, committed 90816K, reserved 1179648K
  class space    used 12574K, committed 12928K, reserved 1048576K
}
Event: 12.927 GC heap after
{Heap after GC invocations=33 (full 0):
 garbage-first heap   total 165888K, used 96102K [0x0000000080000000, 0x0000000100000000)
  region size 1024K, 6 young (6144K), 6 survivors (6144K)
 Metaspace       used 90126K, committed 90816K, reserved 1179648K
  class space    used 12574K, committed 12928K, reserved 1048576K
}
Event: 12.960 GC heap before
{Heap before GC invocations=33 (full 0):
 garbage-first heap   total 165888K, used 98150K [0x0000000080000000, 0x0000000100000000)
  region size 1024K, 8 young (8192K), 6 survivors (6144K)
 Metaspace       used 90367K, committed 91072K, reserved 1179648K
  class space    used 12614K, committed 12992K, reserved 1048576K
}
Event: 12.962 GC heap after
{Heap after GC invocations=34 (full 0):
 garbage-first heap   total 165888K, used 96523K [0x0000000080000000, 0x0000000100000000)
  region size 1024K, 1 young (1024K), 1 survivors (1024K)
 Metaspace       used 90367K, committed 91072K, reserved 1179648K
  class space    used 12614K, committed 12992K, reserved 1048576K
}
Event: 13.411 GC heap before
{Heap before GC invocations=34 (full 0):
 garbage-first heap   total 165888K, used 138507K [0x0000000080000000, 0x0000000100000000)
  region size 1024K, 43 young (44032K), 1 survivors (1024K)
 Metaspace       used 91818K, committed 92544K, reserved 1179648K
  class space    used 12844K, committed 13184K, reserved 1048576K
}
Event: 13.413 GC heap after
{Heap after GC invocations=35 (full 0):
 garbage-first heap   total 165888K, used 99663K [0x0000000080000000, 0x0000000100000000)
  region size 1024K, 4 young (4096K), 4 survivors (4096K)
 Metaspace       used 91818K, committed 92544K, reserved 1179648K
  class space    used 12844K, committed 13184K, reserved 1048576K
}
Event: 13.695 GC heap before
{Heap before GC invocations=35 (full 0):
 garbage-first heap   total 165888K, used 142671K [0x0000000080000000, 0x0000000100000000)
  region size 1024K, 42 young (43008K), 4 survivors (4096K)
 Metaspace       used 93111K, committed 93824K, reserved 1179648K
  class space    used 12978K, committed 13312K, reserved 1048576K
}
Event: 13.697 GC heap after
{Heap after GC invocations=36 (full 0):
 garbage-first heap   total 165888K, used 101614K [0x0000000080000000, 0x0000000100000000)
  region size 1024K, 3 young (3072K), 3 survivors (3072K)
 Metaspace       used 93111K, committed 93824K, reserved 1179648K
  class space    used 12978K, committed 13312K, reserved 1048576K
}
Event: 14.355 GC heap before
{Heap before GC invocations=36 (full 0):
 garbage-first heap   total 165888K, used 138478K [0x0000000080000000, 0x0000000100000000)
  region size 1024K, 39 young (39936K), 3 survivors (3072K)
 Metaspace       used 95870K, committed 96640K, reserved 1179648K
  class space    used 13322K, committed 13696K, reserved 1048576K
}
Event: 14.358 GC heap after
{Heap after GC invocations=37 (full 0):
 garbage-first heap   total 165888K, used 110385K [0x0000000080000000, 0x0000000100000000)
  region size 1024K, 5 young (5120K), 5 survivors (5120K)
 Metaspace       used 95870K, committed 96640K, reserved 1179648K
  class space    used 13322K, committed 13696K, reserved 1048576K
}
Event: 14.887 GC heap before
{Heap before GC invocations=37 (full 0):
 garbage-first heap   total 165888K, used 143153K [0x0000000080000000, 0x0000000100000000)
  region size 1024K, 30 young (30720K), 5 survivors (5120K)
 Metaspace       used 96536K, committed 97280K, reserved 1179648K
  class space    used 13386K, committed 13760K, reserved 1048576K
}
Event: 14.892 GC heap after
{Heap after GC invocations=38 (full 0):
 garbage-first heap   total 165888K, used 113162K [0x0000000080000000, 0x0000000100000000)
  region size 1024K, 3 young (3072K), 3 survivors (3072K)
 Metaspace       used 96536K, committed 97280K, reserved 1179648K
  class space    used 13386K, committed 13760K, reserved 1048576K
}
Event: 15.119 GC heap before
{Heap before GC invocations=38 (full 0):
 garbage-first heap   total 165888K, used 134666K [0x0000000080000000, 0x0000000100000000)
  region size 1024K, 25 young (25600K), 3 survivors (3072K)
 Metaspace       used 97910K, committed 98688K, reserved 1179648K
  class space    used 13512K, committed 13888K, reserved 1048576K
}
Event: 15.122 GC heap after
{Heap after GC invocations=39 (full 0):
 garbage-first heap   total 165888K, used 114134K [0x0000000080000000, 0x0000000100000000)
  region size 1024K, 4 young (4096K), 4 survivors (4096K)
 Metaspace       used 97910K, committed 98688K, reserved 1179648K
  class space    used 13512K, committed 13888K, reserved 1048576K
}

